2025-04-08 00:23:09.434622 - Received CBT.V508.FILE015.PDS from FILE015.XMI 
2025-04-08 00:23:09.439177 - Found $$$#DATE.txt (text/plain) in CBT.V508.FILE015.PDS, moved to PDS/$$$#DATE
2025-04-08 00:23:09.440940 - Found $DSCLAIM.txt (text/plain) in CBT.V508.FILE015.PDS, moved to PDS/$DSCLAIM
2025-04-08 00:23:09.442359 - Found $JCL.jcl (text/plain) in CBT.V508.FILE015.PDS, moved to PDS/$JCL
2025-04-08 00:23:09.444035 - Found $README.txt (text/plain) in CBT.V508.FILE015.PDS, moved to PDS/$README
2025-04-08 00:23:09.445601 - Found #RESTORE.txt (text/plain) in CBT.V508.FILE015.PDS, moved to PDS/#RESTORE
2025-04-08 00:23:09.447139 - Found #TRAP.txt (text/plain) in CBT.V508.FILE015.PDS, moved to PDS/#TRAP
2025-04-08 00:23:09.448678 - Found #VPS.txt (text/plain) in CBT.V508.FILE015.PDS, moved to PDS/#VPS
2025-04-08 00:23:09.450393 - Found @FILE015.txt (text/plain) in CBT.V508.FILE015.PDS, moved to PDS/@FILE015
2025-04-08 00:23:09.451984 - Found ACF2INQ.txt (text/plain) in CBT.V508.FILE015.PDS, moved to PDS/ACF2INQ
2025-04-08 00:23:09.453561 - Found ACF2VALD.txt (text/plain) in CBT.V508.FILE015.PDS, moved to PDS/ACF2VALD
2025-04-08 00:23:09.455349 - Found ASKUID.txt (text/plain) in CBT.V508.FILE015.PDS, moved to PDS/ASKUID
2025-04-08 00:23:09.457193 - Found CLIP.txt (text/plain) in CBT.V508.FILE015.PDS, moved to PDS/CLIP
2025-04-08 00:23:09.458847 - Found DYN#C1.txt (text/plain) in CBT.V508.FILE015.PDS, moved to PDS/DYN#C1
2025-04-08 00:23:09.460500 - Found DYN#P1.txt (text/plain) in CBT.V508.FILE015.PDS, moved to PDS/DYN#P1
2025-04-08 00:23:09.462140 - Found DYN#T1.txt (text/plain) in CBT.V508.FILE015.PDS, moved to PDS/DYN#T1
2025-04-08 00:23:09.463748 - Found DYNASEND.jcl (text/plain) in CBT.V508.FILE015.PDS, moved to PDS/DYNASEND
2025-04-08 00:23:09.465338 - Found DYNM00.txt (text/plain) in CBT.V508.FILE015.PDS, moved to PDS/DYNM00
2025-04-08 00:23:09.467092 - Found GDGMOD.jcl (text/plain) in CBT.V508.FILE015.PDS, moved to PDS/GDGMOD
2025-04-08 00:23:09.468758 - Found IEEMB846.txt (text/plain) in CBT.V508.FILE015.PDS, moved to PDS/IEEMB846
2025-04-08 00:23:09.470522 - Found IEEPK860.txt (text/plain) in CBT.V508.FILE015.PDS, moved to PDS/IEEPK860
2025-04-08 00:23:09.472153 - Found ISPTCM.txt (text/plain) in CBT.V508.FILE015.PDS, moved to PDS/ISPTCM
2025-04-08 00:23:09.473770 - Found ISR@PRIM.txt (text/plain) in CBT.V508.FILE015.PDS, moved to PDS/ISR@PRIM
2025-04-08 00:23:09.475515 - Found JCLJES4.jcl (text/plain) in CBT.V508.FILE015.PDS, moved to PDS/JCLJES4
2025-04-08 00:23:09.477040 - Found JCLJES5.jcl (text/plain) in CBT.V508.FILE015.PDS, moved to PDS/JCLJES5
2025-04-08 00:23:09.479050 - Found JESXIT5D.txt (text/plain) in CBT.V508.FILE015.PDS, moved to PDS/JESXIT5D
2025-04-08 00:23:09.480906 - Found JES2XIT4.txt (text/plain) in CBT.V508.FILE015.PDS, moved to PDS/JES2XIT4
2025-04-08 00:23:09.482655 - Found PRIMDOWN.txt (text/plain) in CBT.V508.FILE015.PDS, moved to PDS/PRIMDOWN
2025-04-08 00:23:09.484145 - Found PRIMLEFT.txt (text/plain) in CBT.V508.FILE015.PDS, moved to PDS/PRIMLEFT
2025-04-08 00:23:09.485886 - Found PRIMRGHT.txt (text/plain) in CBT.V508.FILE015.PDS, moved to PDS/PRIMRGHT
2025-04-08 00:23:09.487360 - Found PRIMUP.txt (text/plain) in CBT.V508.FILE015.PDS, moved to PDS/PRIMUP
2025-04-08 00:23:09.489135 - Found RESTORE.txt (text/plain) in CBT.V508.FILE015.PDS, moved to PDS/RESTORE
2025-04-08 00:23:09.490765 - Found SMFPRM00.txt (text/plain) in CBT.V508.FILE015.PDS, moved to PDS/SMFPRM00
2025-04-08 00:23:09.492339 - Found SMF32SAS.jcl (text/plain) in CBT.V508.FILE015.PDS, moved to PDS/SMF32SAS
2025-04-08 00:23:09.493849 - Found SMPEIEE.jcl (text/plain) in CBT.V508.FILE015.PDS, moved to PDS/SMPEIEE
2025-04-08 00:23:09.495500 - Found SMPEPFK.jcl (text/plain) in CBT.V508.FILE015.PDS, moved to PDS/SMPEPFK
2025-04-08 00:23:09.497031 - Found SMPETCM.jcl (text/plain) in CBT.V508.FILE015.PDS, moved to PDS/SMPETCM
2025-04-08 00:23:09.498603 - Found SWTSO.txt (text/plain) in CBT.V508.FILE015.PDS, moved to PDS/SWTSO
2025-04-08 00:23:09.500242 - Found TRAP.txt (text/plain) in CBT.V508.FILE015.PDS, moved to PDS/TRAP
2025-04-08 00:23:09.501809 - Found VPS.txt (text/plain) in CBT.V508.FILE015.PDS, moved to PDS/VPS
